-------------------------------------------------------------------------------
Test set: com.finalproject.finalproject.FinalprojectApplicationTests
-------------------------------------------------------------------------------
Tests run: 1, Failures: 0, Errors: 1, Skipped: 0, Time elapsed: 8.741 s <<< FAILURE! - in com.finalproject.finalproject.FinalprojectApplicationTests
contextLoads  Time elapsed: 0.004 s  <<< ERROR!
java.lang.IllegalStateException: Failed to load ApplicationContext
Caused by: org.springframework.beans.factory.BeanCreationException: Error creating bean with name 'practiceAreasRepository' defined in com.finalproject.finalproject.Repository.PracticeAreasRepository defined in @EnableJpaRepositories declared on JpaRepositoriesRegistrar.EnableJpaRepositoriesConfiguration: Cannot resolve reference to bean 'jpaMappingContext' while setting bean property 'mappingContext'; nested exception is org.springframework.beans.factory.BeanCreationException: Error creating bean with name 'jpaMappingContext': Invocation of init method failed; nested exception is org.hibernate.AnnotationException: mappedBy reference an unknown target entity property: com.finalproject.finalproject.entity.Client.client in com.finalproject.finalproject.entity.Lawyer.client
Caused by: org.springframework.beans.factory.BeanCreationException: Error creating bean with name 'jpaMappingContext': Invocation of init method failed; nested exception is org.hibernate.AnnotationException: mappedBy reference an unknown target entity property: com.finalproject.finalproject.entity.Client.client in com.finalproject.finalproject.entity.Lawyer.client
Caused by: org.hibernate.AnnotationException: mappedBy reference an unknown target entity property: com.finalproject.finalproject.entity.Client.client in com.finalproject.finalproject.entity.Lawyer.client

